2026-03-30 14:33:39,124 INFO sqlalchemy.engine.Engine select pg_catalog.version()
2026-03-30 14:33:39,126 INFO sqlalchemy.engine.Engine [raw sql] {}
2026-03-30 14:33:39,130 INFO sqlalchemy.engine.Engine select current_schema()
2026-03-30 14:33:39,133 INFO sqlalchemy.engine.Engine [raw sql] {}
2026-03-30 14:33:39,136 INFO sqlalchemy.engine.Engine show standard_conforming_strings
2026-03-30 14:33:39,139 INFO sqlalchemy.engine.Engine [raw sql] {}
2026-03-30 14:33:39,144 INFO sqlalchemy.engine.Engine BEGIN (implicit)
2026-03-30 14:33:39,147 INFO sqlalchemy.engine.Engine 
                    SELECT setval(
                        pg_get_serial_sequence('users', 'id'),
                        COALESCE((SELECT MAX(id) FROM users), 0) + 1,
                        false
                    )
                    
2026-03-30 14:33:39,148 INFO sqlalchemy.engine.Engine [generated in 0.00079s] {}
2026-03-30 14:33:39,154 INFO sqlalchemy.engine.Engine COMMIT
2026-03-30 14:33:39,844 INFO sqlalchemy.engine.Engine BEGIN (implicit)
2026-03-30 14:33:39,847 INFO sqlalchemy.engine.Engine SELECT 1
2026-03-30 14:33:39,848 INFO sqlalchemy.engine.Engine [generated in 0.00434s] {}
2026-03-30 14:33:39,849 INFO sqlalchemy.engine.Engine ROLLBACK
INFO:     127.0.0.1:56853 - "GET /api/system/ops/health HTTP/1.1" 200 OK
